mode: set
tapestry/pkg/tapestry_rpc.pb.go:38.22,40.29 2 1
tapestry/pkg/tapestry_rpc.pb.go:40.29,44.3 3 1
tapestry/pkg/tapestry_rpc.pb.go:47.30,49.2 1 0
tapestry/pkg/tapestry_rpc.pb.go:51.28,51.29 0 0
tapestry/pkg/tapestry_rpc.pb.go:53.50,55.41 2 1
tapestry/pkg/tapestry_rpc.pb.go:62.2,62.24 1 0
tapestry/pkg/tapestry_rpc.pb.go:55.41,57.34 2 1
tapestry/pkg/tapestry_rpc.pb.go:60.3,60.12 1 1
tapestry/pkg/tapestry_rpc.pb.go:57.34,59.4 1 1
tapestry/pkg/tapestry_rpc.pb.go:66.41,68.2 1 0
tapestry/pkg/tapestry_rpc.pb.go:70.27,71.14 1 1
tapestry/pkg/tapestry_rpc.pb.go:74.2,74.14 1 0
tapestry/pkg/tapestry_rpc.pb.go:71.14,73.3 1 1
tapestry/pkg/tapestry_rpc.pb.go:86.25,88.29 2 1
tapestry/pkg/tapestry_rpc.pb.go:88.29,92.3 3 1
tapestry/pkg/tapestry_rpc.pb.go:95.33,97.2 1 0
tapestry/pkg/tapestry_rpc.pb.go:99.31,99.32 0 0
tapestry/pkg/tapestry_rpc.pb.go:101.53,103.41 2 1
tapestry/pkg/tapestry_rpc.pb.go:110.2,110.24 1 0
tapestry/pkg/tapestry_rpc.pb.go:103.41,105.34 2 1
tapestry/pkg/tapestry_rpc.pb.go:108.3,108.12 1 1
tapestry/pkg/tapestry_rpc.pb.go:105.34,107.4 1 1
tapestry/pkg/tapestry_rpc.pb.go:114.44,116.2 1 0
tapestry/pkg/tapestry_rpc.pb.go:118.32,119.14 1 0
tapestry/pkg/tapestry_rpc.pb.go:122.2,122.11 1 0
tapestry/pkg/tapestry_rpc.pb.go:119.14,121.3 1 0
tapestry/pkg/tapestry_rpc.pb.go:125.34,126.14 1 0
tapestry/pkg/tapestry_rpc.pb.go:129.2,129.10 1 0
tapestry/pkg/tapestry_rpc.pb.go:126.14,128.3 1 0
tapestry/pkg/tapestry_rpc.pb.go:141.28,143.29 2 1
tapestry/pkg/tapestry_rpc.pb.go:143.29,147.3 3 1
tapestry/pkg/tapestry_rpc.pb.go:150.36,152.2 1 0
tapestry/pkg/tapestry_rpc.pb.go:154.34,154.35 0 0
tapestry/pkg/tapestry_rpc.pb.go:156.56,158.41 2 1
tapestry/pkg/tapestry_rpc.pb.go:165.2,165.24 1 0
tapestry/pkg/tapestry_rpc.pb.go:158.41,160.34 2 1
tapestry/pkg/tapestry_rpc.pb.go:163.3,163.12 1 1
tapestry/pkg/tapestry_rpc.pb.go:160.34,162.4 1 1
tapestry/pkg/tapestry_rpc.pb.go:169.47,171.2 1 0
tapestry/pkg/tapestry_rpc.pb.go:173.37,174.14 1 0
tapestry/pkg/tapestry_rpc.pb.go:177.2,177.12 1 0
tapestry/pkg/tapestry_rpc.pb.go:174.14,176.3 1 0
tapestry/pkg/tapestry_rpc.pb.go:180.36,181.14 1 0
tapestry/pkg/tapestry_rpc.pb.go:184.2,184.11 1 0
tapestry/pkg/tapestry_rpc.pb.go:181.14,183.3 1 0
tapestry/pkg/tapestry_rpc.pb.go:195.23,197.29 2 1
tapestry/pkg/tapestry_rpc.pb.go:197.29,201.3 3 1
tapestry/pkg/tapestry_rpc.pb.go:204.31,206.2 1 0
tapestry/pkg/tapestry_rpc.pb.go:208.29,208.30 0 0
tapestry/pkg/tapestry_rpc.pb.go:210.51,212.41 2 1
tapestry/pkg/tapestry_rpc.pb.go:219.2,219.24 1 0
tapestry/pkg/tapestry_rpc.pb.go:212.41,214.34 2 1
tapestry/pkg/tapestry_rpc.pb.go:217.3,217.12 1 1
tapestry/pkg/tapestry_rpc.pb.go:214.34,216.4 1 1
tapestry/pkg/tapestry_rpc.pb.go:223.42,225.2 1 0
tapestry/pkg/tapestry_rpc.pb.go:227.31,228.14 1 0
tapestry/pkg/tapestry_rpc.pb.go:231.2,231.11 1 0
tapestry/pkg/tapestry_rpc.pb.go:228.14,230.3 1 0
tapestry/pkg/tapestry_rpc.pb.go:243.27,245.29 2 1
tapestry/pkg/tapestry_rpc.pb.go:245.29,249.3 3 1
tapestry/pkg/tapestry_rpc.pb.go:252.35,254.2 1 0
tapestry/pkg/tapestry_rpc.pb.go:256.33,256.34 0 0
tapestry/pkg/tapestry_rpc.pb.go:258.55,260.41 2 1
tapestry/pkg/tapestry_rpc.pb.go:267.2,267.24 1 1
tapestry/pkg/tapestry_rpc.pb.go:260.41,262.34 2 1
tapestry/pkg/tapestry_rpc.pb.go:265.3,265.12 1 1
tapestry/pkg/tapestry_rpc.pb.go:262.34,264.4 1 1
tapestry/pkg/tapestry_rpc.pb.go:271.46,273.2 1 0
tapestry/pkg/tapestry_rpc.pb.go:275.39,276.14 1 0
tapestry/pkg/tapestry_rpc.pb.go:279.2,279.11 1 0
tapestry/pkg/tapestry_rpc.pb.go:276.14,278.3 1 0
tapestry/pkg/tapestry_rpc.pb.go:282.34,283.14 1 0
tapestry/pkg/tapestry_rpc.pb.go:286.2,286.11 1 0
tapestry/pkg/tapestry_rpc.pb.go:283.14,285.3 1 0
tapestry/pkg/tapestry_rpc.pb.go:298.27,300.29 2 1
tapestry/pkg/tapestry_rpc.pb.go:300.29,304.3 3 1
tapestry/pkg/tapestry_rpc.pb.go:307.35,309.2 1 0
tapestry/pkg/tapestry_rpc.pb.go:311.33,311.34 0 0
tapestry/pkg/tapestry_rpc.pb.go:313.55,315.41 2 1
tapestry/pkg/tapestry_rpc.pb.go:322.2,322.24 1 0
tapestry/pkg/tapestry_rpc.pb.go:315.41,317.34 2 1
tapestry/pkg/tapestry_rpc.pb.go:320.3,320.12 1 1
tapestry/pkg/tapestry_rpc.pb.go:317.34,319.4 1 1
tapestry/pkg/tapestry_rpc.pb.go:326.46,328.2 1 0
tapestry/pkg/tapestry_rpc.pb.go:330.38,331.14 1 1
tapestry/pkg/tapestry_rpc.pb.go:334.2,334.12 1 1
tapestry/pkg/tapestry_rpc.pb.go:331.14,333.3 1 1
tapestry/pkg/tapestry_rpc.pb.go:337.44,338.14 1 1
tapestry/pkg/tapestry_rpc.pb.go:341.2,341.12 1 1
tapestry/pkg/tapestry_rpc.pb.go:338.14,340.3 1 1
tapestry/pkg/tapestry_rpc.pb.go:353.32,355.29 2 1
tapestry/pkg/tapestry_rpc.pb.go:355.29,359.3 3 1
tapestry/pkg/tapestry_rpc.pb.go:362.40,364.2 1 0
tapestry/pkg/tapestry_rpc.pb.go:366.38,366.39 0 0
tapestry/pkg/tapestry_rpc.pb.go:368.60,370.41 2 1
tapestry/pkg/tapestry_rpc.pb.go:377.2,377.24 1 0
tapestry/pkg/tapestry_rpc.pb.go:370.41,372.34 2 1
tapestry/pkg/tapestry_rpc.pb.go:375.3,375.12 1 1
tapestry/pkg/tapestry_rpc.pb.go:372.34,374.4 1 1
tapestry/pkg/tapestry_rpc.pb.go:381.51,383.2 1 0
tapestry/pkg/tapestry_rpc.pb.go:385.47,386.14 1 0
tapestry/pkg/tapestry_rpc.pb.go:389.2,389.12 1 0
tapestry/pkg/tapestry_rpc.pb.go:386.14,388.3 1 0
tapestry/pkg/tapestry_rpc.pb.go:392.40,393.14 1 0
tapestry/pkg/tapestry_rpc.pb.go:396.2,396.11 1 0
tapestry/pkg/tapestry_rpc.pb.go:393.14,395.3 1 0
tapestry/pkg/tapestry_rpc.pb.go:408.36,410.29 2 1
tapestry/pkg/tapestry_rpc.pb.go:410.29,414.3 3 1
tapestry/pkg/tapestry_rpc.pb.go:417.44,419.2 1 0
tapestry/pkg/tapestry_rpc.pb.go:421.42,421.43 0 0
tapestry/pkg/tapestry_rpc.pb.go:423.64,425.41 2 1
tapestry/pkg/tapestry_rpc.pb.go:432.2,432.24 1 0
tapestry/pkg/tapestry_rpc.pb.go:425.41,427.34 2 1
tapestry/pkg/tapestry_rpc.pb.go:430.3,430.12 1 1
tapestry/pkg/tapestry_rpc.pb.go:427.34,429.4 1 1
tapestry/pkg/tapestry_rpc.pb.go:436.55,438.2 1 0
tapestry/pkg/tapestry_rpc.pb.go:440.45,441.14 1 0
tapestry/pkg/tapestry_rpc.pb.go:444.2,444.14 1 0
tapestry/pkg/tapestry_rpc.pb.go:441.14,443.3 1 0
tapestry/pkg/tapestry_rpc.pb.go:447.51,448.14 1 1
tapestry/pkg/tapestry_rpc.pb.go:451.2,451.12 1 0
tapestry/pkg/tapestry_rpc.pb.go:448.14,450.3 1 1
tapestry/pkg/tapestry_rpc.pb.go:462.29,464.29 2 1
tapestry/pkg/tapestry_rpc.pb.go:464.29,468.3 3 1
tapestry/pkg/tapestry_rpc.pb.go:471.37,473.2 1 0
tapestry/pkg/tapestry_rpc.pb.go:475.35,475.36 0 0
tapestry/pkg/tapestry_rpc.pb.go:477.57,479.41 2 1
tapestry/pkg/tapestry_rpc.pb.go:486.2,486.24 1 1
tapestry/pkg/tapestry_rpc.pb.go:479.41,481.34 2 1
tapestry/pkg/tapestry_rpc.pb.go:484.3,484.12 1 1
tapestry/pkg/tapestry_rpc.pb.go:481.34,483.4 1 1
tapestry/pkg/tapestry_rpc.pb.go:490.48,492.2 1 0
tapestry/pkg/tapestry_rpc.pb.go:494.47,495.14 1 0
tapestry/pkg/tapestry_rpc.pb.go:498.2,498.12 1 0
tapestry/pkg/tapestry_rpc.pb.go:495.14,497.3 1 0
tapestry/pkg/tapestry_rpc.pb.go:510.36,512.29 2 1
tapestry/pkg/tapestry_rpc.pb.go:512.29,516.3 3 1
tapestry/pkg/tapestry_rpc.pb.go:519.44,521.2 1 0
tapestry/pkg/tapestry_rpc.pb.go:523.42,523.43 0 0
tapestry/pkg/tapestry_rpc.pb.go:525.64,527.41 2 1
tapestry/pkg/tapestry_rpc.pb.go:534.2,534.24 1 0
tapestry/pkg/tapestry_rpc.pb.go:527.41,529.34 2 1
tapestry/pkg/tapestry_rpc.pb.go:532.3,532.12 1 1
tapestry/pkg/tapestry_rpc.pb.go:529.34,531.4 1 1
tapestry/pkg/tapestry_rpc.pb.go:538.55,540.2 1 0
tapestry/pkg/tapestry_rpc.pb.go:542.50,543.14 1 0
tapestry/pkg/tapestry_rpc.pb.go:546.2,546.12 1 0
tapestry/pkg/tapestry_rpc.pb.go:543.14,545.3 1 0
tapestry/pkg/tapestry_rpc.pb.go:549.45,550.14 1 0
tapestry/pkg/tapestry_rpc.pb.go:553.2,553.10 1 0
tapestry/pkg/tapestry_rpc.pb.go:550.14,552.3 1 0
tapestry/pkg/tapestry_rpc.pb.go:565.32,567.29 2 1
tapestry/pkg/tapestry_rpc.pb.go:567.29,571.3 3 1
tapestry/pkg/tapestry_rpc.pb.go:574.40,576.2 1 0
tapestry/pkg/tapestry_rpc.pb.go:578.38,578.39 0 0
tapestry/pkg/tapestry_rpc.pb.go:580.60,582.41 2 1
tapestry/pkg/tapestry_rpc.pb.go:589.2,589.24 1 0
tapestry/pkg/tapestry_rpc.pb.go:582.41,584.34 2 1
tapestry/pkg/tapestry_rpc.pb.go:587.3,587.12 1 1
tapestry/pkg/tapestry_rpc.pb.go:584.34,586.4 1 1
tapestry/pkg/tapestry_rpc.pb.go:593.51,595.2 1 0
tapestry/pkg/tapestry_rpc.pb.go:597.43,598.14 1 0
tapestry/pkg/tapestry_rpc.pb.go:601.2,601.12 1 0
tapestry/pkg/tapestry_rpc.pb.go:598.14,600.3 1 0
tapestry/pkg/tapestry_rpc.pb.go:604.56,605.14 1 0
tapestry/pkg/tapestry_rpc.pb.go:608.2,608.12 1 0
tapestry/pkg/tapestry_rpc.pb.go:605.14,607.3 1 0
tapestry/pkg/tapestry_rpc.pb.go:620.38,622.29 2 1
tapestry/pkg/tapestry_rpc.pb.go:622.29,626.3 3 1
tapestry/pkg/tapestry_rpc.pb.go:629.46,631.2 1 0
tapestry/pkg/tapestry_rpc.pb.go:633.44,633.45 0 0
tapestry/pkg/tapestry_rpc.pb.go:635.66,637.41 2 1
tapestry/pkg/tapestry_rpc.pb.go:644.2,644.24 1 0
tapestry/pkg/tapestry_rpc.pb.go:637.41,639.34 2 1
tapestry/pkg/tapestry_rpc.pb.go:642.3,642.12 1 1
tapestry/pkg/tapestry_rpc.pb.go:639.34,641.4 1 1
tapestry/pkg/tapestry_rpc.pb.go:648.57,650.2 1 0
tapestry/pkg/tapestry_rpc.pb.go:652.49,653.14 1 0
tapestry/pkg/tapestry_rpc.pb.go:656.2,656.12 1 0
tapestry/pkg/tapestry_rpc.pb.go:653.14,655.3 1 0
tapestry/pkg/tapestry_rpc.pb.go:659.47,660.14 1 0
tapestry/pkg/tapestry_rpc.pb.go:663.2,663.10 1 0
tapestry/pkg/tapestry_rpc.pb.go:660.14,662.3 1 0
tapestry/pkg/tapestry_rpc.pb.go:675.37,677.29 2 1
tapestry/pkg/tapestry_rpc.pb.go:677.29,681.3 3 1
tapestry/pkg/tapestry_rpc.pb.go:684.45,686.2 1 0
tapestry/pkg/tapestry_rpc.pb.go:688.43,688.44 0 0
tapestry/pkg/tapestry_rpc.pb.go:690.65,692.41 2 1
tapestry/pkg/tapestry_rpc.pb.go:699.2,699.24 1 0
tapestry/pkg/tapestry_rpc.pb.go:692.41,694.34 2 1
tapestry/pkg/tapestry_rpc.pb.go:697.3,697.12 1 1
tapestry/pkg/tapestry_rpc.pb.go:694.34,696.4 1 1
tapestry/pkg/tapestry_rpc.pb.go:703.56,705.2 1 0
tapestry/pkg/tapestry_rpc.pb.go:707.48,708.14 1 0
tapestry/pkg/tapestry_rpc.pb.go:711.2,711.12 1 0
tapestry/pkg/tapestry_rpc.pb.go:708.14,710.3 1 0
tapestry/pkg/tapestry_rpc.pb.go:714.55,715.14 1 0
tapestry/pkg/tapestry_rpc.pb.go:718.2,718.12 1 0
tapestry/pkg/tapestry_rpc.pb.go:715.14,717.3 1 0
tapestry/pkg/tapestry_rpc.pb.go:856.55,857.52 1 0
tapestry/pkg/tapestry_rpc.pb.go:860.2,860.48 1 0
tapestry/pkg/tapestry_rpc.pb.go:857.52,859.3 1 0
tapestry/pkg/tapestry_rpc.pb.go:930.13,930.51 1 1
tapestry/pkg/tapestry_rpc.pb.go:931.41,932.40 1 1
tapestry/pkg/tapestry_rpc.pb.go:935.2,935.30 1 1
tapestry/pkg/tapestry_rpc.pb.go:1093.2,1110.43 6 1
tapestry/pkg/tapestry_rpc.pb.go:932.40,934.3 1 0
tapestry/pkg/tapestry_rpc.pb.go:935.30,936.93 1 0
tapestry/pkg/tapestry_rpc.pb.go:948.3,948.93 1 0
tapestry/pkg/tapestry_rpc.pb.go:960.3,960.93 1 0
tapestry/pkg/tapestry_rpc.pb.go:972.3,972.93 1 0
tapestry/pkg/tapestry_rpc.pb.go:984.3,984.93 1 0
tapestry/pkg/tapestry_rpc.pb.go:996.3,996.93 1 0
tapestry/pkg/tapestry_rpc.pb.go:1008.3,1008.93 1 0
tapestry/pkg/tapestry_rpc.pb.go:1020.3,1020.93 1 0
tapestry/pkg/tapestry_rpc.pb.go:1032.3,1032.93 1 0
tapestry/pkg/tapestry_rpc.pb.go:1044.3,1044.93 1 0
tapestry/pkg/tapestry_rpc.pb.go:1056.3,1056.94 1 0
tapestry/pkg/tapestry_rpc.pb.go:1068.3,1068.94 1 0
tapestry/pkg/tapestry_rpc.pb.go:1080.3,1080.94 1 0
tapestry/pkg/tapestry_rpc.pb.go:936.93,937.27 1 0
tapestry/pkg/tapestry_rpc.pb.go:938.11,939.20 1 0
tapestry/pkg/tapestry_rpc.pb.go:940.11,941.24 1 0
tapestry/pkg/tapestry_rpc.pb.go:942.11,943.28 1 0
tapestry/pkg/tapestry_rpc.pb.go:944.12,945.15 1 0
tapestry/pkg/tapestry_rpc.pb.go:948.93,949.30 1 0
tapestry/pkg/tapestry_rpc.pb.go:950.11,951.20 1 0
tapestry/pkg/tapestry_rpc.pb.go:952.11,953.24 1 0
tapestry/pkg/tapestry_rpc.pb.go:954.11,955.28 1 0
tapestry/pkg/tapestry_rpc.pb.go:956.12,957.15 1 0
tapestry/pkg/tapestry_rpc.pb.go:960.93,961.33 1 0
tapestry/pkg/tapestry_rpc.pb.go:962.11,963.20 1 0
tapestry/pkg/tapestry_rpc.pb.go:964.11,965.24 1 0
tapestry/pkg/tapestry_rpc.pb.go:966.11,967.28 1 0
tapestry/pkg/tapestry_rpc.pb.go:968.12,969.15 1 0
tapestry/pkg/tapestry_rpc.pb.go:972.93,973.28 1 0
tapestry/pkg/tapestry_rpc.pb.go:974.11,975.20 1 0
tapestry/pkg/tapestry_rpc.pb.go:976.11,977.24 1 0
tapestry/pkg/tapestry_rpc.pb.go:978.11,979.28 1 0
tapestry/pkg/tapestry_rpc.pb.go:980.12,981.15 1 0
tapestry/pkg/tapestry_rpc.pb.go:984.93,985.32 1 0
tapestry/pkg/tapestry_rpc.pb.go:986.11,987.20 1 0
tapestry/pkg/tapestry_rpc.pb.go:988.11,989.24 1 0
tapestry/pkg/tapestry_rpc.pb.go:990.11,991.28 1 0
tapestry/pkg/tapestry_rpc.pb.go:992.12,993.15 1 0
tapestry/pkg/tapestry_rpc.pb.go:996.93,997.32 1 0
tapestry/pkg/tapestry_rpc.pb.go:998.11,999.20 1 0
tapestry/pkg/tapestry_rpc.pb.go:1000.11,1001.24 1 0
tapestry/pkg/tapestry_rpc.pb.go:1002.11,1003.28 1 0
tapestry/pkg/tapestry_rpc.pb.go:1004.12,1005.15 1 0
tapestry/pkg/tapestry_rpc.pb.go:1008.93,1009.37 1 0
tapestry/pkg/tapestry_rpc.pb.go:1010.11,1011.20 1 0
tapestry/pkg/tapestry_rpc.pb.go:1012.11,1013.24 1 0
tapestry/pkg/tapestry_rpc.pb.go:1014.11,1015.28 1 0
tapestry/pkg/tapestry_rpc.pb.go:1016.12,1017.15 1 0
tapestry/pkg/tapestry_rpc.pb.go:1020.93,1021.41 1 0
tapestry/pkg/tapestry_rpc.pb.go:1022.11,1023.20 1 0
tapestry/pkg/tapestry_rpc.pb.go:1024.11,1025.24 1 0
tapestry/pkg/tapestry_rpc.pb.go:1026.11,1027.28 1 0
tapestry/pkg/tapestry_rpc.pb.go:1028.12,1029.15 1 0
tapestry/pkg/tapestry_rpc.pb.go:1032.93,1033.34 1 0
tapestry/pkg/tapestry_rpc.pb.go:1034.11,1035.20 1 0
tapestry/pkg/tapestry_rpc.pb.go:1036.11,1037.24 1 0
tapestry/pkg/tapestry_rpc.pb.go:1038.11,1039.28 1 0
tapestry/pkg/tapestry_rpc.pb.go:1040.12,1041.15 1 0
tapestry/pkg/tapestry_rpc.pb.go:1044.93,1045.41 1 0
tapestry/pkg/tapestry_rpc.pb.go:1046.11,1047.20 1 0
tapestry/pkg/tapestry_rpc.pb.go:1048.11,1049.24 1 0
tapestry/pkg/tapestry_rpc.pb.go:1050.11,1051.28 1 0
tapestry/pkg/tapestry_rpc.pb.go:1052.12,1053.15 1 0
tapestry/pkg/tapestry_rpc.pb.go:1056.94,1057.37 1 0
tapestry/pkg/tapestry_rpc.pb.go:1058.11,1059.20 1 0
tapestry/pkg/tapestry_rpc.pb.go:1060.11,1061.24 1 0
tapestry/pkg/tapestry_rpc.pb.go:1062.11,1063.28 1 0
tapestry/pkg/tapestry_rpc.pb.go:1064.12,1065.15 1 0
tapestry/pkg/tapestry_rpc.pb.go:1068.94,1069.43 1 0
tapestry/pkg/tapestry_rpc.pb.go:1070.11,1071.20 1 0
tapestry/pkg/tapestry_rpc.pb.go:1072.11,1073.24 1 0
tapestry/pkg/tapestry_rpc.pb.go:1074.11,1075.28 1 0
tapestry/pkg/tapestry_rpc.pb.go:1076.12,1077.15 1 0
tapestry/pkg/tapestry_rpc.pb.go:1080.94,1081.42 1 0
tapestry/pkg/tapestry_rpc.pb.go:1082.11,1083.20 1 0
tapestry/pkg/tapestry_rpc.pb.go:1084.11,1085.24 1 0
tapestry/pkg/tapestry_rpc.pb.go:1086.11,1087.28 1 0
tapestry/pkg/tapestry_rpc.pb.go:1088.12,1089.15 1 0
tapestry/pkg/node_exit.go:11.27,14.2 2 1
tapestry/pkg/node_exit.go:20.40,23.35 2 1
tapestry/pkg/node_exit.go:42.2,44.12 3 1
tapestry/pkg/node_exit.go:23.35,26.37 2 1
tapestry/pkg/node_exit.go:34.3,35.22 2 1
tapestry/pkg/node_exit.go:26.37,29.18 2 1
tapestry/pkg/node_exit.go:29.18,31.5 1 0
tapestry/pkg/node_exit.go:35.22,37.4 1 1
tapestry/pkg/node_exit.go:37.9,39.4 1 1
tapestry/pkg/node_exit.go:50.86,57.49 5 1
tapestry/pkg/node_exit.go:61.2,61.8 1 1
tapestry/pkg/node_exit.go:57.49,59.3 1 1
tapestry/pkg/node_init.go:53.36,55.2 1 1
tapestry/pkg/node_init.go:58.32,60.2 1 1
tapestry/pkg/node_init.go:63.34,65.2 1 1
tapestry/pkg/node_init.go:68.45,80.2 9 1
tapestry/pkg/node_init.go:83.75,86.16 2 1
tapestry/pkg/node_init.go:91.2,92.16 2 1
tapestry/pkg/node_init.go:97.2,98.16 2 1
tapestry/pkg/node_init.go:106.2,118.21 8 1
tapestry/pkg/node_init.go:130.2,130.22 1 1
tapestry/pkg/node_init.go:86.16,88.3 1 0
tapestry/pkg/node_init.go:92.16,94.3 1 0
tapestry/pkg/node_init.go:98.16,100.3 1 0
tapestry/pkg/node_init.go:118.21,121.17 2 1
tapestry/pkg/node_init.go:124.3,125.17 2 1
tapestry/pkg/node_init.go:121.17,123.4 1 0
tapestry/pkg/node_init.go:125.17,127.4 1 0
tapestry/pkg/node_init.go:139.59,144.16 3 1
tapestry/pkg/node_init.go:148.2,149.16 2 1
tapestry/pkg/node_init.go:154.2,154.30 1 1
tapestry/pkg/node_init.go:159.2,161.16 3 1
tapestry/pkg/node_init.go:164.2,164.12 1 1
tapestry/pkg/node_init.go:144.16,146.3 1 0
tapestry/pkg/node_init.go:149.16,151.3 1 0
tapestry/pkg/node_init.go:154.30,156.3 1 1
tapestry/pkg/node_init.go:161.16,163.3 1 0
tapestry/pkg/node_init.go:167.88,168.16 1 1
tapestry/pkg/node_init.go:194.2,194.8 1 1
tapestry/pkg/node_init.go:168.16,170.38 2 1
tapestry/pkg/node_init.go:181.3,181.42 1 1
tapestry/pkg/node_init.go:185.3,185.55 1 1
tapestry/pkg/node_init.go:189.3,189.29 1 1
tapestry/pkg/node_init.go:192.3,192.59 1 1
tapestry/pkg/node_init.go:170.38,172.18 2 1
tapestry/pkg/node_init.go:177.4,178.51 2 1
tapestry/pkg/node_init.go:172.18,174.5 1 0
tapestry/pkg/node_init.go:181.42,183.4 1 1
tapestry/pkg/node_init.go:185.55,187.4 1 1
tapestry/pkg/node_init.go:189.29,191.4 1 0
tapestry/pkg/node_init.go:198.56,201.29 3 1
tapestry/pkg/node_init.go:207.2,207.15 1 1
tapestry/pkg/node_init.go:201.29,202.31 1 1
tapestry/pkg/node_init.go:202.31,205.4 2 1
tapestry/pkg/node_init.go:214.83,216.2 1 1
tapestry/pkg/node_init.go:229.104,234.20 3 1
tapestry/pkg/node_init.go:258.2,258.23 1 1
tapestry/pkg/node_init.go:234.20,240.34 4 1
tapestry/pkg/node_init.go:251.3,255.40 4 1
tapestry/pkg/node_init.go:240.34,243.18 2 1
tapestry/pkg/node_init.go:248.4,248.39 1 1
tapestry/pkg/node_init.go:243.18,247.5 2 1
tapestry/pkg/node_init.go:261.64,264.22 2 0
tapestry/pkg/node_init.go:264.22,267.17 2 0
tapestry/pkg/node_init.go:267.17,271.4 2 0
tapestry/pkg/node_init.go:278.64,279.34 1 1
tapestry/pkg/node_init.go:282.2,283.8 2 1
tapestry/pkg/node_init.go:279.34,281.3 1 1
tapestry/pkg/node_init.go:287.67,288.37 1 1
tapestry/pkg/node_init.go:291.2,291.8 1 1
tapestry/pkg/node_init.go:288.37,290.3 1 1
tapestry/pkg/node_init.go:296.103,301.2 4 1
tapestry/pkg/node_init.go:306.70,307.35 1 1
tapestry/pkg/node_init.go:315.2,315.8 1 1
tapestry/pkg/node_init.go:307.35,308.34 1 1
tapestry/pkg/node_init.go:311.3,311.41 1 1
tapestry/pkg/node_init.go:308.34,310.4 1 1
tapestry/pkg/node_init.go:311.41,313.4 1 1
tapestry/pkg/node_init.go:322.58,326.11 2 1
tapestry/pkg/node_init.go:333.2,333.20 1 1
tapestry/pkg/node_init.go:340.2,340.8 1 1
tapestry/pkg/node_init.go:326.11,328.17 2 1
tapestry/pkg/node_init.go:328.17,330.4 1 0
tapestry/pkg/node_init.go:333.20,335.17 2 1
tapestry/pkg/node_init.go:335.17,337.4 1 0
tapestry/pkg/routing_table.go:27.51,32.30 3 1
tapestry/pkg/routing_table.go:39.2,39.30 1 1
tapestry/pkg/routing_table.go:44.2,44.10 1 1
tapestry/pkg/routing_table.go:32.30,33.29 1 1
tapestry/pkg/routing_table.go:33.29,35.4 1 1
tapestry/pkg/routing_table.go:39.30,42.3 2 1
tapestry/pkg/routing_table.go:55.80,61.45 3 1
tapestry/pkg/routing_table.go:64.2,68.27 4 1
tapestry/pkg/routing_table.go:107.2,107.24 1 1
tapestry/pkg/routing_table.go:61.45,63.3 1 1
tapestry/pkg/routing_table.go:68.27,69.35 1 1
tapestry/pkg/routing_table.go:74.3,75.45 2 1
tapestry/pkg/routing_table.go:78.3,78.19 1 1
tapestry/pkg/routing_table.go:69.35,70.26 1 1
tapestry/pkg/routing_table.go:70.26,72.5 1 1
tapestry/pkg/routing_table.go:75.45,77.4 1 1
tapestry/pkg/routing_table.go:79.8,79.35 1 1
tapestry/pkg/routing_table.go:79.35,81.35 1 1
tapestry/pkg/routing_table.go:87.3,88.35 2 1
tapestry/pkg/routing_table.go:97.3,97.45 1 1
tapestry/pkg/routing_table.go:101.3,101.23 1 1
tapestry/pkg/routing_table.go:81.35,82.26 1 1
tapestry/pkg/routing_table.go:82.26,84.5 1 1
tapestry/pkg/routing_table.go:88.35,90.44 2 1
tapestry/pkg/routing_table.go:90.44,94.5 3 1
tapestry/pkg/routing_table.go:97.45,99.4 1 1
tapestry/pkg/routing_table.go:101.23,104.4 2 1
tapestry/pkg/routing_table.go:113.66,119.45 3 1
tapestry/pkg/routing_table.go:122.2,126.28 5 1
tapestry/pkg/routing_table.go:133.2,133.8 1 1
tapestry/pkg/routing_table.go:119.45,121.3 1 0
tapestry/pkg/routing_table.go:126.28,127.25 1 1
tapestry/pkg/routing_table.go:127.25,131.4 3 1
tapestry/pkg/routing_table.go:137.65,143.34 3 1
tapestry/pkg/routing_table.go:146.2,147.39 2 1
tapestry/pkg/routing_table.go:155.2,155.8 1 1
tapestry/pkg/routing_table.go:143.34,145.3 1 0
tapestry/pkg/routing_table.go:147.39,148.31 1 1
tapestry/pkg/routing_table.go:148.31,149.47 1 1
tapestry/pkg/routing_table.go:149.47,151.5 1 1
tapestry/pkg/routing_table.go:159.60,161.28 2 1
tapestry/pkg/routing_table.go:166.2,166.15 1 1
tapestry/pkg/routing_table.go:161.28,162.39 1 1
tapestry/pkg/routing_table.go:162.39,164.4 1 1
tapestry/pkg/routing_table.go:170.67,176.34 3 1
tapestry/pkg/routing_table.go:181.2,181.55 1 1
tapestry/pkg/routing_table.go:198.2,198.16 1 1
tapestry/pkg/routing_table.go:176.34,179.3 1 0
tapestry/pkg/routing_table.go:181.55,183.29 2 1
tapestry/pkg/routing_table.go:183.29,186.22 2 1
tapestry/pkg/routing_table.go:195.4,195.26 1 1
tapestry/pkg/routing_table.go:186.22,188.53 2 1
tapestry/pkg/routing_table.go:188.53,190.6 1 1
tapestry/pkg/routing_table.go:190.11,191.11 1 1
tapestry/pkg/testing_utils.go:12.33,15.51 2 1
tapestry/pkg/testing_utils.go:22.2,22.42 1 1
tapestry/pkg/testing_utils.go:26.2,26.11 1 1
tapestry/pkg/testing_utils.go:15.51,17.17 2 1
tapestry/pkg/testing_utils.go:20.3,20.19 1 1
tapestry/pkg/testing_utils.go:17.17,19.4 1 0
tapestry/pkg/testing_utils.go:22.42,24.3 1 1
tapestry/pkg/testing_utils.go:32.48,35.29 3 1
tapestry/pkg/testing_utils.go:35.29,37.3 1 1
tapestry/pkg/testing_utils.go:40.50,43.29 3 1
tapestry/pkg/testing_utils.go:43.29,45.3 1 1
tapestry/pkg/testing_utils.go:48.89,50.16 2 1
tapestry/pkg/testing_utils.go:53.2,56.8 4 1
tapestry/pkg/testing_utils.go:50.16,52.3 1 0
tapestry/pkg/testing_utils.go:59.71,61.32 2 1
tapestry/pkg/testing_utils.go:74.2,74.24 1 1
tapestry/pkg/testing_utils.go:61.32,63.27 2 1
tapestry/pkg/testing_utils.go:66.3,67.17 2 1
tapestry/pkg/testing_utils.go:70.3,72.36 3 1
tapestry/pkg/testing_utils.go:63.27,65.4 1 1
tapestry/pkg/testing_utils.go:67.17,69.4 1 0
tapestry/pkg/testing_utils.go:77.34,80.23 3 1
tapestry/pkg/testing_utils.go:83.2,83.33 1 1
tapestry/pkg/testing_utils.go:80.23,82.3 1 1
tapestry/pkg/testing_utils.go:86.66,89.30 3 1
tapestry/pkg/testing_utils.go:101.2,101.14 1 1
tapestry/pkg/testing_utils.go:89.30,90.29 1 1
tapestry/pkg/testing_utils.go:90.29,92.19 2 1
tapestry/pkg/testing_utils.go:92.19,93.36 1 1
tapestry/pkg/testing_utils.go:93.36,94.25 1 1
tapestry/pkg/testing_utils.go:94.25,96.7 1 1
tapestry/pkg/backpointers.go:30.51,33.30 3 1
tapestry/pkg/backpointers.go:36.2,36.10 1 1
tapestry/pkg/backpointers.go:33.30,35.3 1 1
tapestry/pkg/backpointers.go:41.50,42.21 1 1
tapestry/pkg/backpointers.go:45.2,45.14 1 0
tapestry/pkg/backpointers.go:42.21,44.3 1 1
tapestry/pkg/backpointers.go:50.53,51.21 1 1
tapestry/pkg/backpointers.go:54.2,54.14 1 0
tapestry/pkg/backpointers.go:51.21,53.3 1 1
tapestry/pkg/backpointers.go:58.52,59.34 1 1
tapestry/pkg/backpointers.go:62.2,62.30 1 1
tapestry/pkg/backpointers.go:59.34,61.3 1 0
tapestry/pkg/backpointers.go:66.56,68.2 1 1
tapestry/pkg/backpointers.go:71.28,75.2 3 1
tapestry/pkg/backpointers.go:79.42,85.2 5 1
tapestry/pkg/backpointers.go:88.46,90.29 2 1
tapestry/pkg/backpointers.go:93.2,93.18 1 1
tapestry/pkg/backpointers.go:90.29,92.3 1 0
tapestry/pkg/backpointers.go:98.45,104.2 5 1
tapestry/pkg/backpointers.go:107.51,112.2 4 0
tapestry/pkg/backpointers.go:115.30,120.2 4 0
tapestry/pkg/backpointers.go:123.40,126.27 3 1
tapestry/pkg/backpointers.go:129.2,130.14 2 1
tapestry/pkg/backpointers.go:126.27,128.3 1 1
tapestry/pkg/id.go:33.20,35.20 2 1
tapestry/pkg/id.go:38.2,38.11 1 1
tapestry/pkg/id.go:35.20,37.3 1 1
tapestry/pkg/id.go:42.31,49.20 4 1
tapestry/pkg/id.go:57.2,57.11 1 1
tapestry/pkg/id.go:49.20,51.15 2 1
tapestry/pkg/id.go:54.3,54.16 1 1
tapestry/pkg/id.go:51.15,53.4 1 1
tapestry/pkg/id.go:61.45,64.42 2 1
tapestry/pkg/id.go:71.2,71.10 1 1
tapestry/pkg/id.go:64.42,65.27 1 1
tapestry/pkg/id.go:65.27,67.4 1 1
tapestry/pkg/id.go:67.9,68.9 1 1
tapestry/pkg/id.go:90.54,92.24 1 1
tapestry/pkg/id.go:96.2,99.36 3 1
tapestry/pkg/id.go:115.2,115.38 1 0
tapestry/pkg/id.go:92.24,94.3 1 0
tapestry/pkg/id.go:99.36,101.40 2 1
tapestry/pkg/id.go:104.3,107.32 3 1
tapestry/pkg/id.go:101.40,103.4 1 0
tapestry/pkg/id.go:107.32,109.4 1 0
tapestry/pkg/id.go:109.9,109.39 1 1
tapestry/pkg/id.go:109.39,111.4 1 1
tapestry/pkg/id.go:132.47,139.2 5 1
tapestry/pkg/id.go:142.33,145.27 3 1
tapestry/pkg/id.go:149.2,149.10 1 1
tapestry/pkg/id.go:145.27,148.3 2 1
tapestry/pkg/id.go:153.30,155.23 2 1
tapestry/pkg/id.go:158.2,158.21 1 1
tapestry/pkg/id.go:155.23,157.3 1 1
tapestry/pkg/id.go:162.36,164.2 1 1
tapestry/pkg/id.go:166.29,168.25 2 0
tapestry/pkg/id.go:171.2,171.10 1 0
tapestry/pkg/id.go:168.25,170.3 1 0
tapestry/pkg/id.go:174.35,175.21 1 0
tapestry/pkg/id.go:178.2,178.33 1 0
tapestry/pkg/id.go:181.2,181.8 1 0
tapestry/pkg/id.go:175.21,177.3 1 0
tapestry/pkg/id.go:178.33,180.3 1 0
tapestry/pkg/id.go:185.43,188.29 2 1
tapestry/pkg/id.go:192.2,192.30 1 1
tapestry/pkg/id.go:200.2,200.16 1 1
tapestry/pkg/id.go:188.29,190.3 1 0
tapestry/pkg/id.go:192.30,194.17 2 1
tapestry/pkg/id.go:197.3,197.19 1 1
tapestry/pkg/id.go:194.17,196.4 1 0
tapestry/pkg/logging.go:34.13,40.2 5 1
tapestry/pkg/logging.go:43.29,44.13 1 0
tapestry/pkg/logging.go:44.13,46.3 1 0
tapestry/pkg/logging.go:46.8,48.3 1 0
tapestry/pkg/logging.go:52.50,57.33 5 0
tapestry/pkg/logging.go:65.2,65.24 1 0
tapestry/pkg/logging.go:57.33,58.28 1 0
tapestry/pkg/logging.go:58.28,59.30 1 0
tapestry/pkg/logging.go:59.30,61.5 1 0
tapestry/pkg/logging.go:69.40,71.2 1 0
tapestry/pkg/logging.go:74.49,77.53 3 0
tapestry/pkg/logging.go:81.2,81.24 1 0
tapestry/pkg/logging.go:77.53,79.3 1 0
tapestry/pkg/logging.go:85.39,87.2 1 0
tapestry/pkg/logging.go:90.50,94.30 4 0
tapestry/pkg/logging.go:100.2,100.24 1 0
tapestry/pkg/logging.go:94.30,95.36 1 0
tapestry/pkg/logging.go:95.36,97.4 1 0
tapestry/pkg/logging.go:104.40,106.2 1 0
tapestry/pkg/logging.go:109.47,111.39 2 0
tapestry/pkg/logging.go:114.2,114.24 1 0
tapestry/pkg/logging.go:111.39,113.3 1 0
tapestry/pkg/logging.go:118.37,120.2 1 0
tapestry/pkg/tapestry_rpc_server.go:19.83,21.2 1 1
tapestry/pkg/tapestry_rpc_server.go:23.85,25.16 2 1
tapestry/pkg/tapestry_rpc_server.go:28.2,33.17 3 1
tapestry/pkg/tapestry_rpc_server.go:25.16,27.3 1 0
tapestry/pkg/tapestry_rpc_server.go:36.86,43.2 3 1
tapestry/pkg/tapestry_rpc_server.go:45.90,53.2 3 1
tapestry/pkg/tapestry_rpc_server.go:55.93,62.2 3 0
tapestry/pkg/tapestry_rpc_server.go:64.87,71.2 3 1
tapestry/pkg/tapestry_rpc_server.go:73.105,80.2 3 1
tapestry/pkg/tapestry_rpc_server.go:82.87,84.32 2 1
tapestry/pkg/tapestry_rpc_server.go:87.2,92.17 3 1
tapestry/pkg/tapestry_rpc_server.go:84.32,86.3 1 1
tapestry/pkg/tapestry_rpc_server.go:95.87,102.2 3 1
tapestry/pkg/tapestry_rpc_server.go:104.90,110.2 3 1
tapestry/pkg/tapestry_rpc_server.go:112.107,119.2 3 1
tapestry/pkg/tapestry_rpc_server.go:121.95,128.2 4 1
tapestry/pkg/tapestry_rpc_server.go:130.91,133.11 3 1
tapestry/pkg/tapestry_rpc_server.go:136.2,139.8 1 1
tapestry/pkg/tapestry_rpc_server.go:133.11,135.3 1 1
tapestry/pkg/tapestry_rpc_server.go:142.92,147.2 2 0
tapestry/pkg/tapestry_rpc_server.go:149.90,151.2 1 0
tapestry/pkg/tapestry_rpc_server.go:153.65,155.36 2 1
tapestry/pkg/tapestry_rpc_server.go:158.2,158.17 1 1
tapestry/pkg/tapestry_rpc_server.go:155.36,157.3 1 1
tapestry/pkg/tapestry_rpc_server.go:161.62,163.33 2 1
tapestry/pkg/tapestry_rpc_server.go:166.2,166.20 1 1
tapestry/pkg/tapestry_rpc_server.go:163.33,165.3 1 1
tapestry/pkg/node_core.go:15.64,17.16 2 1
tapestry/pkg/node_core.go:20.2,21.12 2 1
tapestry/pkg/node_core.go:17.16,19.3 1 0
tapestry/pkg/node_core.go:26.52,29.16 2 1
tapestry/pkg/node_core.go:32.2,32.24 1 1
tapestry/pkg/node_core.go:37.2,38.35 2 1
tapestry/pkg/node_core.go:48.2,48.77 1 1
tapestry/pkg/node_core.go:29.16,31.3 1 0
tapestry/pkg/node_core.go:32.24,34.3 1 0
tapestry/pkg/node_core.go:38.35,40.17 2 1
tapestry/pkg/node_core.go:43.3,43.18 1 1
tapestry/pkg/node_core.go:40.17,42.4 1 1
tapestry/pkg/node_core.go:43.18,45.4 1 1
tapestry/pkg/node_core.go:52.44,54.2 1 1
tapestry/pkg/node_core.go:75.70,78.16 2 1
tapestry/pkg/node_core.go:81.2,82.12 2 1
tapestry/pkg/node_core.go:97.2,97.8 1 1
tapestry/pkg/node_core.go:78.16,80.3 1 0
tapestry/pkg/node_core.go:82.12,84.32 2 1
tapestry/pkg/node_core.go:84.32,85.11 1 1
tapestry/pkg/node_core.go:86.20,88.19 2 1
tapestry/pkg/node_core.go:91.18,92.11 1 1
tapestry/pkg/node_core.go:88.19,90.6 1 1
tapestry/pkg/node_core.go:100.59,102.24 2 1
tapestry/pkg/node_core.go:118.2,118.65 1 1
tapestry/pkg/node_core.go:102.24,104.17 2 1
tapestry/pkg/node_core.go:108.3,109.17 2 1
tapestry/pkg/node_core.go:104.17,106.12 2 1
tapestry/pkg/node_core.go:109.17,112.4 2 0
tapestry/pkg/node_core.go:112.9,112.21 1 1
tapestry/pkg/node_core.go:112.21,114.4 1 0
tapestry/pkg/node_core.go:114.9,116.4 1 1
tapestry/pkg/node_core.go:126.71,129.16 2 1
tapestry/pkg/node_core.go:132.2,133.16 2 1
tapestry/pkg/node_core.go:138.2,138.22 1 1
tapestry/pkg/node_core.go:129.16,131.3 1 0
tapestry/pkg/node_core.go:133.16,134.43 1 0
tapestry/pkg/node_core.go:134.43,136.4 1 0
tapestry/pkg/node_core.go:145.97,148.6 2 1
tapestry/pkg/node_core.go:148.6,149.22 1 1
tapestry/pkg/node_core.go:153.3,155.32 2 1
tapestry/pkg/node_core.go:160.3,161.17 2 1
tapestry/pkg/node_core.go:166.3,168.29 3 1
tapestry/pkg/node_core.go:149.22,151.4 1 1
tapestry/pkg/node_core.go:155.32,157.12 2 1
tapestry/pkg/node_core.go:161.17,164.12 3 1
tapestry/pkg/node_core.go:177.75,180.16 2 1
tapestry/pkg/node_core.go:184.2,184.24 1 1
tapestry/pkg/node_core.go:188.2,188.15 1 1
tapestry/pkg/node_core.go:180.16,183.3 2 0
tapestry/pkg/node_core.go:184.24,187.3 2 1
tapestry/pkg/node_core.go:193.75,196.16 2 1
tapestry/pkg/node_core.go:200.2,200.24 1 1
tapestry/pkg/node_core.go:204.2,204.25 1 1
tapestry/pkg/node_core.go:196.16,199.3 2 0
tapestry/pkg/node_core.go:200.24,203.3 2 1
tapestry/pkg/node_core.go:210.94,212.25 1 1
tapestry/pkg/node_core.go:215.2,216.12 2 1
tapestry/pkg/node_core.go:212.25,214.3 1 1
tapestry/pkg/node_core.go:220.86,223.16 2 1
tapestry/pkg/node_core.go:226.2,226.18 1 1
tapestry/pkg/node_core.go:223.16,225.3 1 1
tapestry/pkg/tapestry_rpc_client.go:30.9,35.2 3 1
tapestry/pkg/tapestry_rpc_client.go:44.45,45.14 1 1
tapestry/pkg/tapestry_rpc_client.go:48.2,49.16 2 1
tapestry/pkg/tapestry_rpc_client.go:52.2,55.3 1 1
tapestry/pkg/tapestry_rpc_client.go:45.14,47.3 1 1
tapestry/pkg/tapestry_rpc_client.go:49.16,51.3 1 0
tapestry/pkg/tapestry_rpc_client.go:59.43,60.14 1 1
tapestry/pkg/tapestry_rpc_client.go:63.2,66.3 1 1
tapestry/pkg/tapestry_rpc_client.go:60.14,62.3 1 1
tapestry/pkg/tapestry_rpc_client.go:76.28,79.31 3 0
tapestry/pkg/tapestry_rpc_client.go:79.31,82.3 2 0
tapestry/pkg/tapestry_rpc_client.go:86.67,92.2 2 1
tapestry/pkg/tapestry_rpc_client.go:95.67,97.43 2 1
tapestry/pkg/tapestry_rpc_client.go:101.2,104.16 3 1
tapestry/pkg/tapestry_rpc_client.go:107.2,111.38 4 1
tapestry/pkg/tapestry_rpc_client.go:97.43,100.3 2 1
tapestry/pkg/tapestry_rpc_client.go:104.16,106.3 1 0
tapestry/pkg/tapestry_rpc_client.go:115.46,118.43 3 1
tapestry/pkg/tapestry_rpc_client.go:118.43,121.3 2 1
tapestry/pkg/tapestry_rpc_client.go:125.54,126.16 1 1
tapestry/pkg/tapestry_rpc_client.go:129.2,129.12 1 1
tapestry/pkg/tapestry_rpc_client.go:126.16,128.3 1 1
tapestry/pkg/tapestry_rpc_client.go:133.70,136.16 3 1
tapestry/pkg/tapestry_rpc_client.go:139.2,140.51 2 1
tapestry/pkg/tapestry_rpc_client.go:136.16,138.3 1 0
tapestry/pkg/tapestry_rpc_client.go:143.89,146.16 2 1
tapestry/pkg/tapestry_rpc_client.go:149.2,155.27 4 1
tapestry/pkg/tapestry_rpc_client.go:158.2,158.69 1 1
tapestry/pkg/tapestry_rpc_client.go:146.16,148.3 1 0
tapestry/pkg/tapestry_rpc_client.go:155.27,157.3 1 1
tapestry/pkg/tapestry_rpc_client.go:161.85,163.16 2 1
tapestry/pkg/tapestry_rpc_client.go:166.2,170.43 2 1
tapestry/pkg/tapestry_rpc_client.go:163.16,165.3 1 0
tapestry/pkg/tapestry_rpc_client.go:173.76,176.16 2 1
tapestry/pkg/tapestry_rpc_client.go:179.2,182.76 2 1
tapestry/pkg/tapestry_rpc_client.go:176.16,178.3 1 0
tapestry/pkg/tapestry_rpc_client.go:185.74,187.16 2 0
tapestry/pkg/tapestry_rpc_client.go:190.2,191.30 2 0
tapestry/pkg/tapestry_rpc_client.go:187.16,189.3 1 0
tapestry/pkg/tapestry_rpc_client.go:194.78,197.16 2 1
tapestry/pkg/tapestry_rpc_client.go:200.2,201.16 2 1
tapestry/pkg/tapestry_rpc_client.go:204.2,204.68 1 1
tapestry/pkg/tapestry_rpc_client.go:197.16,199.3 1 0
tapestry/pkg/tapestry_rpc_client.go:201.16,203.3 1 0
tapestry/pkg/tapestry_rpc_client.go:207.100,209.16 2 1
tapestry/pkg/tapestry_rpc_client.go:212.2,216.16 2 1
tapestry/pkg/tapestry_rpc_client.go:219.2,219.68 1 1
tapestry/pkg/tapestry_rpc_client.go:209.16,211.3 1 0
tapestry/pkg/tapestry_rpc_client.go:216.16,218.3 1 1
tapestry/pkg/tapestry_rpc_client.go:222.92,225.16 2 1
tapestry/pkg/tapestry_rpc_client.go:228.2,229.25 2 1
tapestry/pkg/tapestry_rpc_client.go:234.2,238.30 2 1
tapestry/pkg/tapestry_rpc_client.go:225.16,227.3 1 0
tapestry/pkg/tapestry_rpc_client.go:229.25,233.3 1 1
tapestry/pkg/tapestry_rpc_client.go:241.66,243.16 2 1
tapestry/pkg/tapestry_rpc_client.go:246.2,247.30 2 1
tapestry/pkg/tapestry_rpc_client.go:243.16,245.3 1 0
tapestry/pkg/tapestry_rpc_client.go:250.69,253.16 2 1
tapestry/pkg/tapestry_rpc_client.go:256.2,257.30 2 1
tapestry/pkg/tapestry_rpc_client.go:253.16,255.3 1 0
tapestry/pkg/tapestry_rpc_client.go:260.96,262.16 2 1
tapestry/pkg/tapestry_rpc_client.go:265.2,269.16 2 1
tapestry/pkg/tapestry_rpc_client.go:272.2,272.68 1 1
tapestry/pkg/tapestry_rpc_client.go:262.16,264.3 1 0
tapestry/pkg/tapestry_rpc_client.go:269.16,271.3 1 0
tapestry/pkg/tapestry_rpc_client.go:275.90,278.16 2 1
tapestry/pkg/tapestry_rpc_client.go:281.2,285.30 2 1
tapestry/pkg/tapestry_rpc_client.go:278.16,280.3 1 0
tapestry/pkg/tapestry_rpc_client.go:288.74,290.16 2 1
tapestry/pkg/tapestry_rpc_client.go:293.2,294.16 2 1
tapestry/pkg/tapestry_rpc_client.go:297.2,297.41 1 1
tapestry/pkg/tapestry_rpc_client.go:290.16,292.3 1 0
tapestry/pkg/tapestry_rpc_client.go:294.16,296.3 1 1
tapestry/pkg/tapestry_rpc_client.go:300.79,302.16 2 0
tapestry/pkg/tapestry_rpc_client.go:305.2,306.16 2 0
tapestry/pkg/tapestry_rpc_client.go:309.2,309.68 1 0
tapestry/pkg/tapestry_rpc_client.go:302.16,304.3 1 0
tapestry/pkg/tapestry_rpc_client.go:306.16,308.3 1 0
tapestry/pkg/tapestry_rpc_client.go:312.76,314.16 2 0
tapestry/pkg/tapestry_rpc_client.go:317.2,321.30 2 0
tapestry/pkg/tapestry_rpc_client.go:314.16,316.3 1 0
tapestry/pkg/tapestry_rpc_grpc.pb.go:46.74,48.2 1 1
tapestry/pkg/tapestry_rpc_grpc.pb.go:50.118,53.16 3 1
tapestry/pkg/tapestry_rpc_grpc.pb.go:56.2,56.17 1 1
tapestry/pkg/tapestry_rpc_grpc.pb.go:53.16,55.3 1 0
tapestry/pkg/tapestry_rpc_grpc.pb.go:59.119,62.16 3 1
tapestry/pkg/tapestry_rpc_grpc.pb.go:65.2,65.17 1 1
tapestry/pkg/tapestry_rpc_grpc.pb.go:62.16,64.3 1 1
tapestry/pkg/tapestry_rpc_grpc.pb.go:68.121,71.16 3 1
tapestry/pkg/tapestry_rpc_grpc.pb.go:74.2,74.17 1 1
tapestry/pkg/tapestry_rpc_grpc.pb.go:71.16,73.3 1 0
tapestry/pkg/tapestry_rpc_grpc.pb.go:77.123,80.16 3 1
tapestry/pkg/tapestry_rpc_grpc.pb.go:83.2,83.17 1 1
tapestry/pkg/tapestry_rpc_grpc.pb.go:80.16,82.3 1 0
tapestry/pkg/tapestry_rpc_grpc.pb.go:86.122,89.16 3 1
tapestry/pkg/tapestry_rpc_grpc.pb.go:92.2,92.17 1 1
tapestry/pkg/tapestry_rpc_grpc.pb.go:89.16,91.3 1 0
tapestry/pkg/tapestry_rpc_grpc.pb.go:95.124,98.16 3 0
tapestry/pkg/tapestry_rpc_grpc.pb.go:101.2,101.17 1 0
tapestry/pkg/tapestry_rpc_grpc.pb.go:98.16,100.3 1 0
tapestry/pkg/tapestry_rpc_grpc.pb.go:104.140,107.16 3 1
tapestry/pkg/tapestry_rpc_grpc.pb.go:110.2,110.17 1 1
tapestry/pkg/tapestry_rpc_grpc.pb.go:107.16,109.3 1 1
tapestry/pkg/tapestry_rpc_grpc.pb.go:113.121,116.16 3 1
tapestry/pkg/tapestry_rpc_grpc.pb.go:119.2,119.17 1 1
tapestry/pkg/tapestry_rpc_grpc.pb.go:116.16,118.3 1 0
tapestry/pkg/tapestry_rpc_grpc.pb.go:122.122,125.16 3 1
tapestry/pkg/tapestry_rpc_grpc.pb.go:128.2,128.17 1 1
tapestry/pkg/tapestry_rpc_grpc.pb.go:125.16,127.3 1 0
tapestry/pkg/tapestry_rpc_grpc.pb.go:131.125,134.16 3 1
tapestry/pkg/tapestry_rpc_grpc.pb.go:137.2,137.17 1 1
tapestry/pkg/tapestry_rpc_grpc.pb.go:134.16,136.3 1 0
tapestry/pkg/tapestry_rpc_grpc.pb.go:140.141,143.16 3 1
tapestry/pkg/tapestry_rpc_grpc.pb.go:146.2,146.17 1 1
tapestry/pkg/tapestry_rpc_grpc.pb.go:143.16,145.3 1 0
tapestry/pkg/tapestry_rpc_grpc.pb.go:149.129,152.16 3 1
tapestry/pkg/tapestry_rpc_grpc.pb.go:155.2,155.17 1 1
tapestry/pkg/tapestry_rpc_grpc.pb.go:152.16,154.3 1 0
tapestry/pkg/tapestry_rpc_grpc.pb.go:158.124,161.16 3 1
tapestry/pkg/tapestry_rpc_grpc.pb.go:164.2,164.17 1 1
tapestry/pkg/tapestry_rpc_grpc.pb.go:161.16,163.3 1 1
tapestry/pkg/tapestry_rpc_grpc.pb.go:167.122,170.16 3 0
tapestry/pkg/tapestry_rpc_grpc.pb.go:173.2,173.17 1 0
tapestry/pkg/tapestry_rpc_grpc.pb.go:170.16,172.3 1 0
tapestry/pkg/tapestry_rpc_grpc.pb.go:176.125,179.16 3 0
tapestry/pkg/tapestry_rpc_grpc.pb.go:182.2,182.17 1 0
tapestry/pkg/tapestry_rpc_grpc.pb.go:179.16,181.3 1 0
tapestry/pkg/tapestry_rpc_grpc.pb.go:211.96,213.2 1 0
tapestry/pkg/tapestry_rpc_grpc.pb.go:214.97,216.2 1 0
tapestry/pkg/tapestry_rpc_grpc.pb.go:217.99,219.2 1 0
tapestry/pkg/tapestry_rpc_grpc.pb.go:220.101,222.2 1 0
tapestry/pkg/tapestry_rpc_grpc.pb.go:223.100,225.2 1 0
tapestry/pkg/tapestry_rpc_grpc.pb.go:226.102,228.2 1 0
tapestry/pkg/tapestry_rpc_grpc.pb.go:229.118,231.2 1 0
tapestry/pkg/tapestry_rpc_grpc.pb.go:232.99,234.2 1 0
tapestry/pkg/tapestry_rpc_grpc.pb.go:235.100,237.2 1 0
tapestry/pkg/tapestry_rpc_grpc.pb.go:238.103,240.2 1 0
tapestry/pkg/tapestry_rpc_grpc.pb.go:241.119,243.2 1 0
tapestry/pkg/tapestry_rpc_grpc.pb.go:244.107,246.2 1 0
tapestry/pkg/tapestry_rpc_grpc.pb.go:247.102,249.2 1 0
tapestry/pkg/tapestry_rpc_grpc.pb.go:250.100,252.2 1 0
tapestry/pkg/tapestry_rpc_grpc.pb.go:253.103,255.2 1 0
tapestry/pkg/tapestry_rpc_grpc.pb.go:256.82,256.83 0 0
tapestry/pkg/tapestry_rpc_grpc.pb.go:265.80,267.2 1 1
tapestry/pkg/tapestry_rpc_grpc.pb.go:269.168,271.32 2 1
tapestry/pkg/tapestry_rpc_grpc.pb.go:274.2,274.24 1 1
tapestry/pkg/tapestry_rpc_grpc.pb.go:277.2,281.77 2 0
tapestry/pkg/tapestry_rpc_grpc.pb.go:284.2,284.44 1 0
tapestry/pkg/tapestry_rpc_grpc.pb.go:271.32,273.3 1 0
tapestry/pkg/tapestry_rpc_grpc.pb.go:274.24,276.3 1 1
tapestry/pkg/tapestry_rpc_grpc.pb.go:281.77,283.3 1 0
tapestry/pkg/tapestry_rpc_grpc.pb.go:287.171,289.32 2 1
tapestry/pkg/tapestry_rpc_grpc.pb.go:292.2,292.24 1 1
tapestry/pkg/tapestry_rpc_grpc.pb.go:295.2,299.77 2 0
tapestry/pkg/tapestry_rpc_grpc.pb.go:302.2,302.44 1 0
tapestry/pkg/tapestry_rpc_grpc.pb.go:289.32,291.3 1 0
tapestry/pkg/tapestry_rpc_grpc.pb.go:292.24,294.3 1 1
tapestry/pkg/tapestry_rpc_grpc.pb.go:299.77,301.3 1 0
tapestry/pkg/tapestry_rpc_grpc.pb.go:305.171,307.32 2 1
tapestry/pkg/tapestry_rpc_grpc.pb.go:310.2,310.24 1 1
tapestry/pkg/tapestry_rpc_grpc.pb.go:313.2,317.77 2 0
tapestry/pkg/tapestry_rpc_grpc.pb.go:320.2,320.44 1 0
tapestry/pkg/tapestry_rpc_grpc.pb.go:307.32,309.3 1 0
tapestry/pkg/tapestry_rpc_grpc.pb.go:310.24,312.3 1 1
tapestry/pkg/tapestry_rpc_grpc.pb.go:317.77,319.3 1 0
tapestry/pkg/tapestry_rpc_grpc.pb.go:323.168,325.32 2 1
tapestry/pkg/tapestry_rpc_grpc.pb.go:328.2,328.24 1 1
tapestry/pkg/tapestry_rpc_grpc.pb.go:331.2,335.77 2 0
tapestry/pkg/tapestry_rpc_grpc.pb.go:338.2,338.44 1 0
tapestry/pkg/tapestry_rpc_grpc.pb.go:325.32,327.3 1 0
tapestry/pkg/tapestry_rpc_grpc.pb.go:328.24,330.3 1 1
tapestry/pkg/tapestry_rpc_grpc.pb.go:335.77,337.3 1 0
tapestry/pkg/tapestry_rpc_grpc.pb.go:341.170,343.32 2 1
tapestry/pkg/tapestry_rpc_grpc.pb.go:346.2,346.24 1 1
tapestry/pkg/tapestry_rpc_grpc.pb.go:349.2,353.77 2 0
tapestry/pkg/tapestry_rpc_grpc.pb.go:356.2,356.44 1 0
tapestry/pkg/tapestry_rpc_grpc.pb.go:343.32,345.3 1 0
tapestry/pkg/tapestry_rpc_grpc.pb.go:346.24,348.3 1 1
tapestry/pkg/tapestry_rpc_grpc.pb.go:353.77,355.3 1 0
tapestry/pkg/tapestry_rpc_grpc.pb.go:359.177,361.32 2 0
tapestry/pkg/tapestry_rpc_grpc.pb.go:364.2,364.24 1 0
tapestry/pkg/tapestry_rpc_grpc.pb.go:367.2,371.77 2 0
tapestry/pkg/tapestry_rpc_grpc.pb.go:374.2,374.44 1 0
tapestry/pkg/tapestry_rpc_grpc.pb.go:361.32,363.3 1 0
tapestry/pkg/tapestry_rpc_grpc.pb.go:364.24,366.3 1 0
tapestry/pkg/tapestry_rpc_grpc.pb.go:371.77,373.3 1 0
tapestry/pkg/tapestry_rpc_grpc.pb.go:377.179,379.32 2 1
tapestry/pkg/tapestry_rpc_grpc.pb.go:382.2,382.24 1 1
tapestry/pkg/tapestry_rpc_grpc.pb.go:385.2,389.77 2 0
tapestry/pkg/tapestry_rpc_grpc.pb.go:392.2,392.44 1 0
tapestry/pkg/tapestry_rpc_grpc.pb.go:379.32,381.3 1 0
tapestry/pkg/tapestry_rpc_grpc.pb.go:382.24,384.3 1 1
tapestry/pkg/tapestry_rpc_grpc.pb.go:389.77,391.3 1 0
tapestry/pkg/tapestry_rpc_grpc.pb.go:395.171,397.32 2 1
tapestry/pkg/tapestry_rpc_grpc.pb.go:400.2,400.24 1 1
tapestry/pkg/tapestry_rpc_grpc.pb.go:403.2,407.77 2 0
tapestry/pkg/tapestry_rpc_grpc.pb.go:410.2,410.44 1 0
tapestry/pkg/tapestry_rpc_grpc.pb.go:397.32,399.3 1 0
tapestry/pkg/tapestry_rpc_grpc.pb.go:400.24,402.3 1 1
tapestry/pkg/tapestry_rpc_grpc.pb.go:407.77,409.3 1 0
tapestry/pkg/tapestry_rpc_grpc.pb.go:413.177,415.32 2 1
tapestry/pkg/tapestry_rpc_grpc.pb.go:418.2,418.24 1 1
tapestry/pkg/tapestry_rpc_grpc.pb.go:421.2,425.77 2 0
tapestry/pkg/tapestry_rpc_grpc.pb.go:428.2,428.44 1 0
tapestry/pkg/tapestry_rpc_grpc.pb.go:415.32,417.3 1 0
tapestry/pkg/tapestry_rpc_grpc.pb.go:418.24,420.3 1 1
tapestry/pkg/tapestry_rpc_grpc.pb.go:425.77,427.3 1 0
tapestry/pkg/tapestry_rpc_grpc.pb.go:431.180,433.32 2 1
tapestry/pkg/tapestry_rpc_grpc.pb.go:436.2,436.24 1 1
tapestry/pkg/tapestry_rpc_grpc.pb.go:439.2,443.77 2 0
tapestry/pkg/tapestry_rpc_grpc.pb.go:446.2,446.44 1 0
tapestry/pkg/tapestry_rpc_grpc.pb.go:433.32,435.3 1 0
tapestry/pkg/tapestry_rpc_grpc.pb.go:436.24,438.3 1 1
tapestry/pkg/tapestry_rpc_grpc.pb.go:443.77,445.3 1 0
tapestry/pkg/tapestry_rpc_grpc.pb.go:449.178,451.32 2 1
tapestry/pkg/tapestry_rpc_grpc.pb.go:454.2,454.24 1 1
tapestry/pkg/tapestry_rpc_grpc.pb.go:457.2,461.77 2 0
tapestry/pkg/tapestry_rpc_grpc.pb.go:464.2,464.44 1 0
tapestry/pkg/tapestry_rpc_grpc.pb.go:451.32,453.3 1 0
tapestry/pkg/tapestry_rpc_grpc.pb.go:454.24,456.3 1 1
tapestry/pkg/tapestry_rpc_grpc.pb.go:461.77,463.3 1 0
tapestry/pkg/tapestry_rpc_grpc.pb.go:467.174,469.32 2 1
tapestry/pkg/tapestry_rpc_grpc.pb.go:472.2,472.24 1 1
tapestry/pkg/tapestry_rpc_grpc.pb.go:475.2,479.77 2 0
tapestry/pkg/tapestry_rpc_grpc.pb.go:482.2,482.44 1 0
tapestry/pkg/tapestry_rpc_grpc.pb.go:469.32,471.3 1 0
tapestry/pkg/tapestry_rpc_grpc.pb.go:472.24,474.3 1 1
tapestry/pkg/tapestry_rpc_grpc.pb.go:479.77,481.3 1 0
tapestry/pkg/tapestry_rpc_grpc.pb.go:485.177,487.32 2 1
tapestry/pkg/tapestry_rpc_grpc.pb.go:490.2,490.24 1 1
tapestry/pkg/tapestry_rpc_grpc.pb.go:493.2,497.77 2 0
tapestry/pkg/tapestry_rpc_grpc.pb.go:500.2,500.44 1 0
tapestry/pkg/tapestry_rpc_grpc.pb.go:487.32,489.3 1 0
tapestry/pkg/tapestry_rpc_grpc.pb.go:490.24,492.3 1 1
tapestry/pkg/tapestry_rpc_grpc.pb.go:497.77,499.3 1 0
tapestry/pkg/tapestry_rpc_grpc.pb.go:503.176,505.32 2 0
tapestry/pkg/tapestry_rpc_grpc.pb.go:508.2,508.24 1 0
tapestry/pkg/tapestry_rpc_grpc.pb.go:511.2,515.77 2 0
tapestry/pkg/tapestry_rpc_grpc.pb.go:518.2,518.44 1 0
tapestry/pkg/tapestry_rpc_grpc.pb.go:505.32,507.3 1 0
tapestry/pkg/tapestry_rpc_grpc.pb.go:508.24,510.3 1 0
tapestry/pkg/tapestry_rpc_grpc.pb.go:515.77,517.3 1 0
tapestry/pkg/tapestry_rpc_grpc.pb.go:521.177,523.32 2 0
tapestry/pkg/tapestry_rpc_grpc.pb.go:526.2,526.24 1 0
tapestry/pkg/tapestry_rpc_grpc.pb.go:529.2,533.77 2 0
tapestry/pkg/tapestry_rpc_grpc.pb.go:536.2,536.44 1 0
tapestry/pkg/tapestry_rpc_grpc.pb.go:523.32,525.3 1 0
tapestry/pkg/tapestry_rpc_grpc.pb.go:526.24,528.3 1 0
tapestry/pkg/tapestry_rpc_grpc.pb.go:533.77,535.3 1 0
tapestry/pkg/blob_store.go:28.32,32.2 3 1
tapestry/pkg/blob_store.go:35.53,37.12 2 1
tapestry/pkg/blob_store.go:40.2,40.19 1 1
tapestry/pkg/blob_store.go:37.12,39.3 1 1
tapestry/pkg/blob_store.go:44.73,50.12 4 1
tapestry/pkg/blob_store.go:55.2,55.40 1 1
tapestry/pkg/blob_store.go:50.12,52.3 1 0
tapestry/pkg/blob_store.go:59.46,65.12 4 1
tapestry/pkg/blob_store.go:68.2,69.15 2 1
tapestry/pkg/blob_store.go:65.12,67.3 1 1
tapestry/pkg/blob_store.go:73.34,77.35 3 1
tapestry/pkg/blob_store.go:77.35,80.3 2 0
tapestry/pkg/client.go:19.44,21.16 2 0
tapestry/pkg/client.go:25.2,25.46 1 0
tapestry/pkg/client.go:21.16,24.3 2 0
tapestry/pkg/client.go:29.61,32.2 2 0
tapestry/pkg/client.go:35.61,39.26 4 0
tapestry/pkg/client.go:42.2,42.21 1 0
tapestry/pkg/client.go:39.26,41.3 1 0
tapestry/pkg/client.go:46.55,50.16 3 0
tapestry/pkg/client.go:53.2,53.24 1 0
tapestry/pkg/client.go:58.2,59.35 2 0
tapestry/pkg/client.go:69.2,69.77 1 0
tapestry/pkg/client.go:50.16,52.3 1 0
tapestry/pkg/client.go:53.24,55.3 1 0
tapestry/pkg/client.go:59.35,61.17 2 0
tapestry/pkg/client.go:64.3,64.18 1 0
tapestry/pkg/client.go:61.17,63.4 1 0
tapestry/pkg/client.go:64.18,66.4 1 0
tapestry/pkg/location_map.go:23.36,27.2 3 1
tapestry/pkg/location_map.go:31.96,36.13 3 1
tapestry/pkg/location_map.go:41.2,42.13 2 1
tapestry/pkg/location_map.go:48.2,50.16 2 1
tapestry/pkg/location_map.go:36.13,38.3 1 1
tapestry/pkg/location_map.go:42.13,44.3 1 1
tapestry/pkg/location_map.go:44.8,46.3 1 0
tapestry/pkg/location_map.go:54.98,57.40 2 1
tapestry/pkg/location_map.go:67.2,67.22 1 1
tapestry/pkg/location_map.go:57.40,59.14 2 1
tapestry/pkg/location_map.go:62.3,62.36 1 1
tapestry/pkg/location_map.go:59.14,61.4 1 1
tapestry/pkg/location_map.go:62.36,64.4 1 1
tapestry/pkg/location_map.go:72.75,81.2 5 0
tapestry/pkg/location_map.go:85.77,94.2 5 0
tapestry/pkg/location_map.go:97.67,105.2 4 1
tapestry/pkg/location_map.go:108.113,113.38 3 1
tapestry/pkg/location_map.go:120.2,120.28 1 1
tapestry/pkg/location_map.go:124.2,126.17 2 1
tapestry/pkg/location_map.go:113.38,115.48 1 1
tapestry/pkg/location_map.go:115.48,117.4 1 1
tapestry/pkg/location_map.go:120.28,122.3 1 1
tapestry/pkg/location_map.go:130.105,131.19 1 1
tapestry/pkg/location_map.go:145.2,145.40 1 1
tapestry/pkg/location_map.go:131.19,137.13 4 0
tapestry/pkg/location_map.go:142.3,142.23 1 0
tapestry/pkg/location_map.go:137.13,140.4 2 0
tapestry/pkg/location_map.go:149.69,150.28 1 1
tapestry/pkg/location_map.go:153.2,153.8 1 1
tapestry/pkg/location_map.go:150.28,152.3 1 1
